<?xml version="1.0" encoding="UTF-8"?>
<!-- Generated by org.testng.reporters.JUnitXMLReporter -->
<testsuite ignored="0" hostname="DESKTOP-6BF1I8Q" failures="0" tests="3" name="Default test" time="76.335" errors="0" timestamp="2021-05-17T15:35:50 IST">
  <testcase classname="Tests.TC005_SelectProductfromChandeliers" name="Login" time="15.807"/>
  <testcase classname="Tests.TC005_SelectProductfromChandeliers" name="SelectCeilinglights" time="11.915"/>
  <testcase classname="Tests.TC005_SelectProductfromChandeliers" name="SelectProduct" time="26.989"/>
</testsuite> <!-- Default test -->
